  [1m[35m (143.3ms)[0m  [1m[35mCREATE DATABASE "products_reviews_app_api_development" ENCODING = 'unicode'[0m
  [1m[35m (68.4ms)[0m  [1m[35mCREATE DATABASE "products_reviews_app_api_test" ENCODING = 'unicode'[0m
  [1m[35m (6.1ms)[0m  [1m[35mCREATE TABLE "schema_migrations" ("version" character varying NOT NULL PRIMARY KEY)[0m
  [1m[35m (4.4ms)[0m  [1m[35mCREATE TABLE "ar_internal_metadata" ("key" character varying NOT NULL PRIMARY KEY, "value" character varying, "created_at" timestamp(6) NOT NULL, "updated_at" timestamp(6) NOT NULL)[0m
  [1m[35m (0.2ms)[0m  [1m[34mSELECT pg_try_advisory_lock(2521839031379147655)[0m
  [1m[35m (0.6ms)[0m  [1m[34mSELECT "schema_migrations"."version" FROM "schema_migrations" ORDER BY "schema_migrations"."version" ASC[0m
Migrating to CreateProducts (20201112234018)
  [1m[35m (0.1ms)[0m  [1m[35mBEGIN[0m
  [1m[35m (5.0ms)[0m  [1m[35mCREATE TABLE "products" ("id" bigserial primary key, "name" character varying, "price" integer, "img" character varying, "created_at" timestamp(6) NOT NULL, "updated_at" timestamp(6) NOT NULL)[0m
  [1m[36mprimary::SchemaMigration Create (0.8ms)[0m  [1m[32mINSERT INTO "schema_migrations" ("version") VALUES ($1) RETURNING "version"[0m  [["version", "20201112234018"]]
  [1m[35m (0.5ms)[0m  [1m[35mCOMMIT[0m
  [1m[36mActiveRecord::InternalMetadata Load (0.4ms)[0m  [1m[34mSELECT "ar_internal_metadata".* FROM "ar_internal_metadata" WHERE "ar_internal_metadata"."key" = $1 LIMIT $2[0m  [["key", "environment"], ["LIMIT", 1]]
  [1m[35m (0.1ms)[0m  [1m[35mBEGIN[0m
  [1m[36mActiveRecord::InternalMetadata Create (0.5ms)[0m  [1m[32mINSERT INTO "ar_internal_metadata" ("key", "value", "created_at", "updated_at") VALUES ($1, $2, $3, $4) RETURNING "key"[0m  [["key", "environment"], ["value", "development"], ["created_at", "2020-11-12 23:40:41.285565"], ["updated_at", "2020-11-12 23:40:41.285565"]]
  [1m[35m (0.3ms)[0m  [1m[35mCOMMIT[0m
  [1m[35m (0.2ms)[0m  [1m[34mSELECT pg_advisory_unlock(2521839031379147655)[0m
  [1m[35m (1.1ms)[0m  [1m[34mSELECT "schema_migrations"."version" FROM "schema_migrations" ORDER BY "schema_migrations"."version" ASC[0m
  [1m[35m (0.8ms)[0m  [1m[34mSELECT "schema_migrations"."version" FROM "schema_migrations" ORDER BY "schema_migrations"."version" ASC[0m
  [1m[35m (0.1ms)[0m  [1m[35mBEGIN[0m
  [1m[36mProduct Create (1.0ms)[0m  [1m[32mINSERT INTO "products" ("name", "price", "img", "created_at", "updated_at") VALUES ($1, $2, $3, $4, $5) RETURNING "id"[0m  [["name", "Car"], ["price", 20000], ["img", "http://www.gowithgo.net/wp-content/uploads/2011/07/Flintstone_Mobile-150x150.jpg"], ["created_at", "2020-11-12 23:40:55.554027"], ["updated_at", "2020-11-12 23:40:55.554027"]]
  [1m[35m (0.4ms)[0m  [1m[35mCOMMIT[0m
  [1m[35m (0.1ms)[0m  [1m[35mBEGIN[0m
  [1m[36mProduct Create (0.3ms)[0m  [1m[32mINSERT INTO "products" ("name", "price", "img", "created_at", "updated_at") VALUES ($1, $2, $3, $4, $5) RETURNING "id"[0m  [["name", "Cat"], ["price", 100], ["img", "http://animagehub.com/wp-content/uploads/2016/10/Pink-panther-vector-5-150x150.jpg"], ["created_at", "2020-11-12 23:40:55.558875"], ["updated_at", "2020-11-12 23:40:55.558875"]]
  [1m[35m (0.3ms)[0m  [1m[35mCOMMIT[0m
  [1m[35m (0.1ms)[0m  [1m[35mBEGIN[0m
  [1m[36mProduct Create (0.4ms)[0m  [1m[32mINSERT INTO "products" ("name", "price", "img", "created_at", "updated_at") VALUES ($1, $2, $3, $4, $5) RETURNING "id"[0m  [["name", "Crab"], ["price", 2], ["img", "http://scontent.cdninstagram.com/t51.2885-19/s150x150/13402342_1111471978911960_1380878568_a.jpg"], ["created_at", "2020-11-12 23:40:55.563361"], ["updated_at", "2020-11-12 23:40:55.563361"]]
  [1m[35m (0.4ms)[0m  [1m[35mCOMMIT[0m
  [1m[35m (0.1ms)[0m  [1m[35mBEGIN[0m
  [1m[36mProduct Create (0.3ms)[0m  [1m[32mINSERT INTO "products" ("name", "price", "img", "created_at", "updated_at") VALUES ($1, $2, $3, $4, $5) RETURNING "id"[0m  [["name", "Crib"], ["price", 200], ["img", "https://s-media-cache-ak0.pinimg.com/originals/99/29/ee/9929eef9086e07bd7e50102bc37ff3a8.jpg"], ["created_at", "2020-11-12 23:40:55.575397"], ["updated_at", "2020-11-12 23:40:55.575397"]]
  [1m[35m (0.3ms)[0m  [1m[35mCOMMIT[0m
  [1m[35m (0.1ms)[0m  [1m[35mBEGIN[0m
  [1m[36mProduct Create (0.3ms)[0m  [1m[32mINSERT INTO "products" ("name", "price", "img", "created_at", "updated_at") VALUES ($1, $2, $3, $4, $5) RETURNING "id"[0m  [["name", "Coat"], ["price", 200], ["img", "http://cooljunkyouneed.com/4548/uploads/2014/02/Workaholics-Bear-Coat-150x150.jpg"], ["created_at", "2020-11-12 23:40:55.579100"], ["updated_at", "2020-11-12 23:40:55.579100"]]
  [1m[35m (0.3ms)[0m  [1m[35mCOMMIT[0m
  [1m[35m (0.1ms)[0m  [1m[35mBEGIN[0m
  [1m[36mProduct Create (0.3ms)[0m  [1m[32mINSERT INTO "products" ("name", "price", "img", "created_at", "updated_at") VALUES ($1, $2, $3, $4, $5) RETURNING "id"[0m  [["name", "Cake"], ["price", 3], ["img", "http://scontent.cdninstagram.com/t51.2885-19/s150x150/11356601_447610668772561_439752401_a.jpg"], ["created_at", "2020-11-12 23:40:55.582586"], ["updated_at", "2020-11-12 23:40:55.582586"]]
  [1m[35m (0.3ms)[0m  [1m[35mCOMMIT[0m
  [1m[35m (0.1ms)[0m  [1m[35mBEGIN[0m
  [1m[36mProduct Create (0.3ms)[0m  [1m[32mINSERT INTO "products" ("name", "price", "img", "created_at", "updated_at") VALUES ($1, $2, $3, $4, $5) RETURNING "id"[0m  [["name", "Concussion"], ["price", 0], ["img", "http://youngmenshealthsite.org/wp-content/uploads/2015/05/concussion1-150x150.jpg"], ["created_at", "2020-11-12 23:40:55.586410"], ["updated_at", "2020-11-12 23:40:55.586410"]]
  [1m[35m (0.3ms)[0m  [1m[35mCOMMIT[0m
  [1m[35m (0.1ms)[0m  [1m[35mBEGIN[0m
  [1m[36mProduct Create (0.3ms)[0m  [1m[32mINSERT INTO "products" ("name", "price", "img", "created_at", "updated_at") VALUES ($1, $2, $3, $4, $5) RETURNING "id"[0m  [["name", "Coal"], ["price", 1], ["img", "http://www.whitecatpublications.com/wp-content/uploads/2010/12/lump-of-coal-150x150.jpg"], ["created_at", "2020-11-12 23:40:55.589885"], ["updated_at", "2020-11-12 23:40:55.589885"]]
  [1m[35m (0.3ms)[0m  [1m[35mCOMMIT[0m
  [1m[35m (0.1ms)[0m  [1m[35mBEGIN[0m
  [1m[36mProduct Create (0.4ms)[0m  [1m[32mINSERT INTO "products" ("name", "price", "img", "created_at", "updated_at") VALUES ($1, $2, $3, $4, $5) RETURNING "id"[0m  [["name", "Cyclone"], ["price", 70000], ["img", "https://upload.wikimedia.org/wikipedia/commons/thumb/4/47/Cyclone_Mala.JPG/150px-Cyclone_Mala.JPG"], ["created_at", "2020-11-12 23:40:55.593453"], ["updated_at", "2020-11-12 23:40:55.593453"]]
  [1m[35m (0.3ms)[0m  [1m[35mCOMMIT[0m
  [1m[35m (0.1ms)[0m  [1m[35mBEGIN[0m
  [1m[36mProduct Create (0.3ms)[0m  [1m[32mINSERT INTO "products" ("name", "price", "img", "created_at", "updated_at") VALUES ($1, $2, $3, $4, $5) RETURNING "id"[0m  [["name", "Career"], ["price", 13500], ["img", "http://waterfordwhispersnews.com/wp-content/uploads/2014/10/happy-worker-e1412334561186-150x150.jpg"], ["created_at", "2020-11-12 23:40:55.597445"], ["updated_at", "2020-11-12 23:40:55.597445"]]
  [1m[35m (0.3ms)[0m  [1m[35mCOMMIT[0m
  [1m[35m (0.1ms)[0m  [1m[35mBEGIN[0m
  [1m[36mProduct Create (0.3ms)[0m  [1m[32mINSERT INTO "products" ("name", "price", "img", "created_at", "updated_at") VALUES ($1, $2, $3, $4, $5) RETURNING "id"[0m  [["name", "Cillian Murphy"], ["price", 400], ["img", "http://static.buzznet.com/uploads/2012/03/msg-133176055505-150x150.jpg"], ["created_at", "2020-11-12 23:40:55.601065"], ["updated_at", "2020-11-12 23:40:55.601065"]]
  [1m[35m (0.3ms)[0m  [1m[35mCOMMIT[0m
  [1m[35m (0.1ms)[0m  [1m[35mBEGIN[0m
  [1m[36mProduct Create (0.5ms)[0m  [1m[32mINSERT INTO "products" ("name", "price", "img", "created_at", "updated_at") VALUES ($1, $2, $3, $4, $5) RETURNING "id"[0m  [["name", "Climate Change"], ["price", 9], ["img", "http://scitechdaily.com/images/Detailed-Global-Climate-Change-Projections-150x150.jpg"], ["created_at", "2020-11-12 23:40:55.604723"], ["updated_at", "2020-11-12 23:40:55.604723"]]
  [1m[35m (0.3ms)[0m  [1m[35mCOMMIT[0m
  [1m[36mProduct Load (0.5ms)[0m  [1m[34mSELECT "products".* FROM "products" LIMIT $1[0m  [["LIMIT", 11]]
  [1m[36mProduct Load (0.7ms)[0m  [1m[34mSELECT "products".* FROM "products"[0m
  [1m[36mProduct Load (0.7ms)[0m  [1m[34mSELECT "products".* FROM "products"[0m
  [1m[36mProduct Load (0.3ms)[0m  [1m[34mSELECT "products".* FROM "products" WHERE "products"."id" = $1 LIMIT $2[0m  [["id", 1], ["LIMIT", 1]]
  [1m[36mProduct Load (0.4ms)[0m  [1m[34mSELECT "products".* FROM "products" WHERE "products"."id" = $1 LIMIT $2[0m  [["id", 1], ["LIMIT", 1]]
  [1m[36mProduct Load (0.4ms)[0m  [1m[34mSELECT "products".* FROM "products" WHERE "products"."id" = $1 LIMIT $2[0m  [["id", 1], ["LIMIT", 1]]
  [1m[35m (0.8ms)[0m  [1m[34mSELECT "schema_migrations"."version" FROM "schema_migrations" ORDER BY "schema_migrations"."version" ASC[0m
  [1m[35m (0.4ms)[0m  [1m[34mSELECT "ar_internal_metadata"."value" FROM "ar_internal_metadata" WHERE "ar_internal_metadata"."key" = $1[0m  [["key", "environment"]]
  [1m[35m (0.3ms)[0m  [1m[34mSELECT "schema_migrations"."version" FROM "schema_migrations" ORDER BY "schema_migrations"."version" ASC[0m
  [1m[35m (0.2ms)[0m  [1m[34mSELECT "ar_internal_metadata"."value" FROM "ar_internal_metadata" WHERE "ar_internal_metadata"."key" = $1[0m  [["key", "environment"]]
  [1m[35m (0.2ms)[0m  [1m[34mSELECT "schema_migrations"."version" FROM "schema_migrations" ORDER BY "schema_migrations"."version" ASC[0m
  [1m[35m (0.2ms)[0m  [1m[34mSELECT "ar_internal_metadata"."value" FROM "ar_internal_metadata" WHERE "ar_internal_metadata"."key" = $1[0m  [["key", "environment"]]
  [1m[35m (43.7ms)[0m  [1m[35mDROP DATABASE IF EXISTS "products_reviews_app_api_development"[0m
  [1m[35m (36.4ms)[0m  [1m[35mDROP DATABASE IF EXISTS "products_reviews_app_api_test"[0m
  [1m[35m (83.9ms)[0m  [1m[35mCREATE DATABASE "products_reviews_app_api_development" ENCODING = 'unicode'[0m
  [1m[35m (80.4ms)[0m  [1m[35mCREATE DATABASE "products_reviews_app_api_test" ENCODING = 'unicode'[0m
  [1m[35m (5.2ms)[0m  [1m[35mCREATE TABLE "schema_migrations" ("version" character varying NOT NULL PRIMARY KEY)[0m
  [1m[35m (3.7ms)[0m  [1m[35mCREATE TABLE "ar_internal_metadata" ("key" character varying NOT NULL PRIMARY KEY, "value" character varying, "created_at" timestamp(6) NOT NULL, "updated_at" timestamp(6) NOT NULL)[0m
  [1m[35m (0.2ms)[0m  [1m[34mSELECT pg_try_advisory_lock(2521839031379147655)[0m
  [1m[35m (0.5ms)[0m  [1m[34mSELECT "schema_migrations"."version" FROM "schema_migrations" ORDER BY "schema_migrations"."version" ASC[0m
Migrating to CreateProducts (20201112234018)
  [1m[35m (0.2ms)[0m  [1m[35mBEGIN[0m
  [1m[35m (5.4ms)[0m  [1m[35mCREATE TABLE "products" ("id" bigserial primary key, "name" character varying, "price" integer, "img" character varying, "created_at" timestamp(6) NOT NULL, "updated_at" timestamp(6) NOT NULL)[0m
  [1m[36mprimary::SchemaMigration Create (0.6ms)[0m  [1m[32mINSERT INTO "schema_migrations" ("version") VALUES ($1) RETURNING "version"[0m  [["version", "20201112234018"]]
  [1m[35m (0.4ms)[0m  [1m[35mCOMMIT[0m
Migrating to CreateReviews (20201112234248)
  [1m[35m (0.3ms)[0m  [1m[35mBEGIN[0m
  [1m[35m (4.2ms)[0m  [1m[35mCREATE TABLE "reviews" ("id" bigserial primary key, "title" character varying, "content" character varying, "author" character varying, "created_at" timestamp(6) NOT NULL, "updated_at" timestamp(6) NOT NULL)[0m
  [1m[36mprimary::SchemaMigration Create (0.4ms)[0m  [1m[32mINSERT INTO "schema_migrations" ("version") VALUES ($1) RETURNING "version"[0m  [["version", "20201112234248"]]
  [1m[35m (0.5ms)[0m  [1m[35mCOMMIT[0m
Migrating to AddProductIdToReviews (20201112234826)
  [1m[35m (0.3ms)[0m  [1m[35mBEGIN[0m
  [1m[35m (0.5ms)[0m  [1m[35mALTER TABLE "reviews" ADD "product_id" integer[0m
  [1m[36mprimary::SchemaMigration Create (0.3ms)[0m  [1m[32mINSERT INTO "schema_migrations" ("version") VALUES ($1) RETURNING "version"[0m  [["version", "20201112234826"]]
  [1m[35m (0.3ms)[0m  [1m[35mCOMMIT[0m
  [1m[36mActiveRecord::InternalMetadata Load (0.4ms)[0m  [1m[34mSELECT "ar_internal_metadata".* FROM "ar_internal_metadata" WHERE "ar_internal_metadata"."key" = $1 LIMIT $2[0m  [["key", "environment"], ["LIMIT", 1]]
  [1m[35m (0.1ms)[0m  [1m[35mBEGIN[0m
  [1m[36mActiveRecord::InternalMetadata Create (0.5ms)[0m  [1m[32mINSERT INTO "ar_internal_metadata" ("key", "value", "created_at", "updated_at") VALUES ($1, $2, $3, $4) RETURNING "key"[0m  [["key", "environment"], ["value", "development"], ["created_at", "2020-11-12 23:51:30.300115"], ["updated_at", "2020-11-12 23:51:30.300115"]]
  [1m[35m (0.3ms)[0m  [1m[35mCOMMIT[0m
  [1m[35m (0.3ms)[0m  [1m[34mSELECT pg_advisory_unlock(2521839031379147655)[0m
  [1m[35m (1.0ms)[0m  [1m[34mSELECT "schema_migrations"."version" FROM "schema_migrations" ORDER BY "schema_migrations"."version" ASC[0m
  [1m[35m (1.0ms)[0m  [1m[34mSELECT "schema_migrations"."version" FROM "schema_migrations" ORDER BY "schema_migrations"."version" ASC[0m
  [1m[35m (0.2ms)[0m  [1m[35mBEGIN[0m
  [1m[36mProduct Create (1.0ms)[0m  [1m[32mINSERT INTO "products" ("name", "price", "img", "created_at", "updated_at") VALUES ($1, $2, $3, $4, $5) RETURNING "id"[0m  [["name", "Car"], ["price", 20000], ["img", "http://www.gowithgo.net/wp-content/uploads/2011/07/Flintstone_Mobile-150x150.jpg"], ["created_at", "2020-11-12 23:51:44.894182"], ["updated_at", "2020-11-12 23:51:44.894182"]]
  [1m[35m (0.4ms)[0m  [1m[35mCOMMIT[0m
  [1m[35m (0.1ms)[0m  [1m[35mBEGIN[0m
  [1m[36mProduct Create (0.4ms)[0m  [1m[32mINSERT INTO "products" ("name", "price", "img", "created_at", "updated_at") VALUES ($1, $2, $3, $4, $5) RETURNING "id"[0m  [["name", "Cat"], ["price", 100], ["img", "http://animagehub.com/wp-content/uploads/2016/10/Pink-panther-vector-5-150x150.jpg"], ["created_at", "2020-11-12 23:51:44.899754"], ["updated_at", "2020-11-12 23:51:44.899754"]]
  [1m[35m (0.3ms)[0m  [1m[35mCOMMIT[0m
  [1m[35m (0.1ms)[0m  [1m[35mBEGIN[0m
  [1m[36mProduct Create (0.5ms)[0m  [1m[32mINSERT INTO "products" ("name", "price", "img", "created_at", "updated_at") VALUES ($1, $2, $3, $4, $5) RETURNING "id"[0m  [["name", "Crab"], ["price", 2], ["img", "http://scontent.cdninstagram.com/t51.2885-19/s150x150/13402342_1111471978911960_1380878568_a.jpg"], ["created_at", "2020-11-12 23:51:44.904543"], ["updated_at", "2020-11-12 23:51:44.904543"]]
  [1m[35m (0.3ms)[0m  [1m[35mCOMMIT[0m
  [1m[35m (0.1ms)[0m  [1m[35mBEGIN[0m
  [1m[36mProduct Create (0.3ms)[0m  [1m[32mINSERT INTO "products" ("name", "price", "img", "created_at", "updated_at") VALUES ($1, $2, $3, $4, $5) RETURNING "id"[0m  [["name", "Crib"], ["price", 200], ["img", "https://s-media-cache-ak0.pinimg.com/originals/99/29/ee/9929eef9086e07bd7e50102bc37ff3a8.jpg"], ["created_at", "2020-11-12 23:51:44.917236"], ["updated_at", "2020-11-12 23:51:44.917236"]]
  [1m[35m (0.3ms)[0m  [1m[35mCOMMIT[0m
  [1m[35m (0.1ms)[0m  [1m[35mBEGIN[0m
  [1m[36mProduct Create (0.3ms)[0m  [1m[32mINSERT INTO "products" ("name", "price", "img", "created_at", "updated_at") VALUES ($1, $2, $3, $4, $5) RETURNING "id"[0m  [["name", "Coat"], ["price", 200], ["img", "http://cooljunkyouneed.com/4548/uploads/2014/02/Workaholics-Bear-Coat-150x150.jpg"], ["created_at", "2020-11-12 23:51:44.921097"], ["updated_at", "2020-11-12 23:51:44.921097"]]
  [1m[35m (0.3ms)[0m  [1m[35mCOMMIT[0m
  [1m[35m (0.1ms)[0m  [1m[35mBEGIN[0m
  [1m[36mProduct Create (0.4ms)[0m  [1m[32mINSERT INTO "products" ("name", "price", "img", "created_at", "updated_at") VALUES ($1, $2, $3, $4, $5) RETURNING "id"[0m  [["name", "Cake"], ["price", 3], ["img", "http://scontent.cdninstagram.com/t51.2885-19/s150x150/11356601_447610668772561_439752401_a.jpg"], ["created_at", "2020-11-12 23:51:44.925043"], ["updated_at", "2020-11-12 23:51:44.925043"]]
  [1m[35m (0.4ms)[0m  [1m[35mCOMMIT[0m
  [1m[35m (0.1ms)[0m  [1m[35mBEGIN[0m
  [1m[36mProduct Create (0.4ms)[0m  [1m[32mINSERT INTO "products" ("name", "price", "img", "created_at", "updated_at") VALUES ($1, $2, $3, $4, $5) RETURNING "id"[0m  [["name", "Concussion"], ["price", 0], ["img", "http://youngmenshealthsite.org/wp-content/uploads/2015/05/concussion1-150x150.jpg"], ["created_at", "2020-11-12 23:51:44.929054"], ["updated_at", "2020-11-12 23:51:44.929054"]]
  [1m[35m (1.9ms)[0m  [1m[35mCOMMIT[0m
  [1m[35m (0.1ms)[0m  [1m[35mBEGIN[0m
  [1m[36mProduct Create (0.3ms)[0m  [1m[32mINSERT INTO "products" ("name", "price", "img", "created_at", "updated_at") VALUES ($1, $2, $3, $4, $5) RETURNING "id"[0m  [["name", "Coal"], ["price", 1], ["img", "http://www.whitecatpublications.com/wp-content/uploads/2010/12/lump-of-coal-150x150.jpg"], ["created_at", "2020-11-12 23:51:44.934973"], ["updated_at", "2020-11-12 23:51:44.934973"]]
  [1m[35m (0.3ms)[0m  [1m[35mCOMMIT[0m
  [1m[35m (0.1ms)[0m  [1m[35mBEGIN[0m
  [1m[36mProduct Create (0.3ms)[0m  [1m[32mINSERT INTO "products" ("name", "price", "img", "created_at", "updated_at") VALUES ($1, $2, $3, $4, $5) RETURNING "id"[0m  [["name", "Cyclone"], ["price", 70000], ["img", "https://upload.wikimedia.org/wikipedia/commons/thumb/4/47/Cyclone_Mala.JPG/150px-Cyclone_Mala.JPG"], ["created_at", "2020-11-12 23:51:44.938922"], ["updated_at", "2020-11-12 23:51:44.938922"]]
  [1m[35m (0.4ms)[0m  [1m[35mCOMMIT[0m
  [1m[35m (0.1ms)[0m  [1m[35mBEGIN[0m
  [1m[36mProduct Create (0.5ms)[0m  [1m[32mINSERT INTO "products" ("name", "price", "img", "created_at", "updated_at") VALUES ($1, $2, $3, $4, $5) RETURNING "id"[0m  [["name", "Career"], ["price", 13500], ["img", "http://waterfordwhispersnews.com/wp-content/uploads/2014/10/happy-worker-e1412334561186-150x150.jpg"], ["created_at", "2020-11-12 23:51:44.943105"], ["updated_at", "2020-11-12 23:51:44.943105"]]
  [1m[35m (3.8ms)[0m  [1m[35mCOMMIT[0m
  [1m[35m (0.1ms)[0m  [1m[35mBEGIN[0m
  [1m[36mProduct Create (0.4ms)[0m  [1m[32mINSERT INTO "products" ("name", "price", "img", "created_at", "updated_at") VALUES ($1, $2, $3, $4, $5) RETURNING "id"[0m  [["name", "Cillian Murphy"], ["price", 400], ["img", "http://static.buzznet.com/uploads/2012/03/msg-133176055505-150x150.jpg"], ["created_at", "2020-11-12 23:51:44.951042"], ["updated_at", "2020-11-12 23:51:44.951042"]]
  [1m[35m (0.3ms)[0m  [1m[35mCOMMIT[0m
  [1m[35m (0.1ms)[0m  [1m[35mBEGIN[0m
  [1m[36mProduct Create (0.3ms)[0m  [1m[32mINSERT INTO "products" ("name", "price", "img", "created_at", "updated_at") VALUES ($1, $2, $3, $4, $5) RETURNING "id"[0m  [["name", "Climate Change"], ["price", 9], ["img", "http://scitechdaily.com/images/Detailed-Global-Climate-Change-Projections-150x150.jpg"], ["created_at", "2020-11-12 23:51:44.955019"], ["updated_at", "2020-11-12 23:51:44.955019"]]
  [1m[35m (0.3ms)[0m  [1m[35mCOMMIT[0m
  [1m[36mProduct Load (0.8ms)[0m  [1m[34mSELECT "products".* FROM "products"[0m
  [1m[36mReview Load (0.6ms)[0m  [1m[34mSELECT "reviews".* FROM "reviews"[0m
  [1m[36mProduct Load (0.3ms)[0m  [1m[34mSELECT "products".* FROM "products" WHERE "products"."id" = $1 LIMIT $2[0m  [["id", 1], ["LIMIT", 1]]
  [1m[36mReview Load (0.2ms)[0m  [1m[34mSELECT "reviews".* FROM "reviews" WHERE "reviews"."product_id" = $1[0m  [["product_id", 1]]
  [1m[36mProduct Load (0.4ms)[0m  [1m[34mSELECT "products".* FROM "products" WHERE "products"."id" = $1 LIMIT $2[0m  [["id", 1], ["LIMIT", 1]]
  [1m[35m (0.2ms)[0m  [1m[35mBEGIN[0m
  [1m[36mReview Create (3.3ms)[0m  [1m[32mINSERT INTO "reviews" ("title", "content", "author", "created_at", "updated_at", "product_id") VALUES ($1, $2, $3, $4, $5, $6) RETURNING "id"[0m  [["title", "first review"], ["content", "not a bad product"], ["author", "Terminator 2"], ["created_at", "2020-11-12 23:53:16.348387"], ["updated_at", "2020-11-12 23:53:16.348387"], ["product_id", 1]]
  [1m[35m (0.4ms)[0m  [1m[35mCOMMIT[0m
  [1m[36mProduct Load (0.3ms)[0m  [1m[34mSELECT "products".* FROM "products" WHERE "products"."id" = $1 LIMIT $2[0m  [["id", 1], ["LIMIT", 1]]
  [1m[35m (0.1ms)[0m  [1m[35mBEGIN[0m
  [1m[36mReview Create (0.3ms)[0m  [1m[32mINSERT INTO "reviews" ("title", "author", "created_at", "updated_at", "product_id") VALUES ($1, $2, $3, $4, $5) RETURNING "id"[0m  [["title", "middling product I'd say"], ["author", "Chingy Right Thurr"], ["created_at", "2020-11-12 23:53:23.343144"], ["updated_at", "2020-11-12 23:53:23.343144"], ["product_id", 1]]
  [1m[35m (2.8ms)[0m  [1m[35mCOMMIT[0m
  [1m[36mProduct Load (0.4ms)[0m  [1m[34mSELECT "products".* FROM "products" WHERE "products"."id" = $1 LIMIT $2[0m  [["id", 1], ["LIMIT", 1]]
  [1m[36mReview Load (0.2ms)[0m  [1m[34mSELECT "reviews".* FROM "reviews" WHERE "reviews"."product_id" = $1[0m  [["product_id", 1]]
  [1m[36mReview Load (0.3ms)[0m  [1m[34mSELECT "reviews".* FROM "reviews" WHERE "reviews"."product_id" = $1[0m  [["product_id", 1]]
  [1m[36mProduct Load (0.7ms)[0m  [1m[34mSELECT "products".* FROM "products"[0m
  [1m[36mProduct Load (0.3ms)[0m  [1m[34mSELECT "products".* FROM "products" WHERE "products"."id" = $1 LIMIT $2[0m  [["id", 1], ["LIMIT", 1]]
Started GET "/" for ::1 at 2020-11-12 17:02:59 -0700
  [1m[35m (0.8ms)[0m  [1m[34mSELECT "schema_migrations"."version" FROM "schema_migrations" ORDER BY "schema_migrations"."version" ASC[0m
Processing by Rails::WelcomeController#index as HTML
  Rendering /Users/hannahtrask/.rbenv/versions/2.7.2/lib/ruby/gems/2.7.0/gems/railties-6.0.3.4/lib/rails/templates/rails/welcome/index.html.erb
  Rendered /Users/hannahtrask/.rbenv/versions/2.7.2/lib/ruby/gems/2.7.0/gems/railties-6.0.3.4/lib/rails/templates/rails/welcome/index.html.erb (Duration: 6.0ms | Allocations: 402)
Completed 200 OK in 14ms (Views: 10.5ms | ActiveRecord: 0.0ms | Allocations: 2220)


Started GET "/products/1/reviews" for ::1 at 2020-11-12 17:06:04 -0700
Processing by ReviewsController#index as HTML
  Parameters: {"product_id"=>"1"}
  [1m[36mReview Load (0.6ms)[0m  [1m[34mSELECT "reviews".* FROM "reviews" WHERE "reviews"."product_id" = $1[0m  [["product_id", 1]]
  ↳ app/controllers/reviews_controller.rb:8:in `index'
Completed 200 OK in 23ms (Views: 9.7ms | ActiveRecord: 7.9ms | Allocations: 6390)


Started POST "/products/1/reviews" for ::1 at 2020-11-12 17:08:49 -0700
  [1m[35m (1.5ms)[0m  [1m[34mSELECT "schema_migrations"."version" FROM "schema_migrations" ORDER BY "schema_migrations"."version" ASC[0m
Processing by ReviewsController#create as */*
  Parameters: {"title"=>"this is the title", "content"=>"this is some content", "author"=>"this is the author", "product_id"=>"1", "review"=>{"title"=>"this is the title", "content"=>"this is some content", "author"=>"this is the author"}}
Completed 422 Unprocessable Entity in 27ms (Views: 0.2ms | ActiveRecord: 7.4ms | Allocations: 8224)


Started GET "/products/" for ::1 at 2020-11-12 17:08:58 -0700
Processing by ProductsController#index as */*
  Parameters: {"title"=>"this is the title", "content"=>"this is some content", "author"=>"this is the author", "product"=>{}}
  [1m[36mProduct Load (0.5ms)[0m  [1m[34mSELECT "products".* FROM "products"[0m
  ↳ app/controllers/products_controller.rb:7:in `index'
Completed 200 OK in 16ms (Views: 11.5ms | ActiveRecord: 5.8ms | Allocations: 5145)


Started GET "/products/1" for ::1 at 2020-11-12 17:09:00 -0700
Processing by ProductsController#show as */*
  Parameters: {"title"=>"this is the title", "content"=>"this is some content", "author"=>"this is the author", "id"=>"1", "product"=>{}}
  [1m[36mProduct Load (0.3ms)[0m  [1m[34mSELECT "products".* FROM "products" WHERE "products"."id" = $1 LIMIT $2[0m  [["id", 1], ["LIMIT", 1]]
  ↳ app/controllers/products_controller.rb:12:in `show'
Completed 200 OK in 3ms (Views: 0.3ms | ActiveRecord: 0.5ms | Allocations: 1163)


Started GET "/products/1/reviews" for ::1 at 2020-11-12 17:09:03 -0700
Processing by ReviewsController#index as */*
  Parameters: {"title"=>"this is the title", "content"=>"this is some content", "author"=>"this is the author", "product_id"=>"1", "review"=>{"title"=>"this is the title", "content"=>"this is some content", "author"=>"this is the author"}}
  [1m[36mReview Load (0.5ms)[0m  [1m[34mSELECT "reviews".* FROM "reviews" WHERE "reviews"."product_id" = $1[0m  [["product_id", 1]]
  ↳ app/controllers/reviews_controller.rb:8:in `index'
Completed 200 OK in 3ms (Views: 2.1ms | ActiveRecord: 0.5ms | Allocations: 1221)


Started POST "/products/1/reviews" for ::1 at 2020-11-12 17:09:09 -0700
Processing by ReviewsController#create as */*
  Parameters: {"title"=>"this is the title", "content"=>"this is some content", "author"=>"this is the author", "product_id"=>"1", "review"=>{"title"=>"this is the title", "content"=>"this is some content", "author"=>"this is the author"}}
Completed 422 Unprocessable Entity in 2ms (Views: 0.2ms | ActiveRecord: 0.0ms | Allocations: 640)


Started POST "/products/1/reviews" for ::1 at 2020-11-12 17:09:41 -0700
Processing by ReviewsController#create as */*
  Parameters: {"title"=>"this is the title", "content"=>"this is some content", "author"=>"this is the author", "product_id"=>"1", "review"=>{"title"=>"this is the title", "content"=>"this is some content", "author"=>"this is the author"}}
Completed 500 Internal Server Error in 2ms (ActiveRecord: 2.9ms | Allocations: 275)


  
ActiveRecord::StatementInvalid (PG::UndefinedTable: ERROR:  relation "application_records" does not exist
LINE 8:  WHERE a.attrelid = '"application_records"'::regclass
                            ^
):
  
app/controllers/reviews_controller.rb:13:in `create'
Started POST "/products/1/reviews" for ::1 at 2020-11-12 17:10:06 -0700
Processing by ReviewsController#create as */*
  Parameters: {"title"=>"this is the title", "content"=>"this is some content", "author"=>"this is the author", "product_id"=>"1", "review"=>{"title"=>"this is the title", "content"=>"this is some content", "author"=>"this is the author"}}
Completed 422 Unprocessable Entity in 11ms (Views: 0.1ms | ActiveRecord: 5.3ms | Allocations: 4532)


Started POST "/products/1/reviews" for ::1 at 2020-11-12 17:10:31 -0700
Processing by ReviewsController#create as */*
  Parameters: {"title"=>"this is the title", "content"=>"this is some content", "author"=>"this is the author", "product_id"=>"1", "review"=>{"title"=>"this is the title", "content"=>"this is some content", "author"=>"this is the author"}}
Completed 422 Unprocessable Entity in 17ms (Views: 0.2ms | ActiveRecord: 5.9ms | Allocations: 4519)


Started POST "/products/1/reviews" for ::1 at 2020-11-12 17:10:58 -0700
Processing by ReviewsController#create as */*
  Parameters: {"title"=>"this is the title", "content"=>"this is some content", "author"=>"this is the author", "product_id"=>"1", "review"=>{"title"=>"this is the title", "content"=>"this is some content", "author"=>"this is the author"}}
Completed 500 Internal Server Error in 103ms (ActiveRecord: 6.5ms | Allocations: 63107)


  
NameError (undefined local variable or method `review' for #<ReviewsController:0x00007fbcb01d32a0>
Did you mean?  @review):
  
app/controllers/reviews_controller.rb:14:in `create'
Started POST "/products/1/reviews" for ::1 at 2020-11-12 17:11:11 -0700
Processing by ReviewsController#create as */*
  Parameters: {"title"=>"this is the title", "content"=>"this is some content", "author"=>"this is the author", "product_id"=>"1", "review"=>{"title"=>"this is the title", "content"=>"this is some content", "author"=>"this is the author"}}
Completed 500 Internal Server Error in 9ms (ActiveRecord: 5.9ms | Allocations: 3937)


  
NoMethodError (undefined method `save' for nil:NilClass):
  
app/controllers/reviews_controller.rb:16:in `create'
Started POST "/products/1/reviews" for ::1 at 2020-11-12 17:11:25 -0700
Processing by ReviewsController#create as */*
  Parameters: {"title"=>"this is the title", "content"=>"this is some content", "author"=>"this is the author", "product_id"=>"1", "review"=>{"title"=>"this is the title", "content"=>"this is some content", "author"=>"this is the author"}}
  [1m[35m (0.2ms)[0m  [1m[35mBEGIN[0m
  ↳ app/controllers/reviews_controller.rb:16:in `create'
  [1m[36mProduct Load (0.4ms)[0m  [1m[34mSELECT "products".* FROM "products" WHERE "products"."id" = $1 LIMIT $2[0m  [["id", 1], ["LIMIT", 1]]
  ↳ app/controllers/reviews_controller.rb:16:in `create'
  [1m[36mReview Create (0.9ms)[0m  [1m[32mINSERT INTO "reviews" ("title", "content", "author", "created_at", "updated_at", "product_id") VALUES ($1, $2, $3, $4, $5, $6) RETURNING "id"[0m  [["title", "this is the title"], ["content", "this is some content"], ["author", "this is the author"], ["created_at", "2020-11-13 00:11:25.538050"], ["updated_at", "2020-11-13 00:11:25.538050"], ["product_id", 1]]
  ↳ app/controllers/reviews_controller.rb:16:in `create'
  [1m[35m (0.5ms)[0m  [1m[35mCOMMIT[0m
  ↳ app/controllers/reviews_controller.rb:16:in `create'
Completed 201 Created in 31ms (Views: 0.3ms | ActiveRecord: 11.3ms | Allocations: 11349)


Started PUT "/reviews/3" for ::1 at 2020-11-12 17:15:39 -0700
  [1m[35m (1.2ms)[0m  [1m[34mSELECT "schema_migrations"."version" FROM "schema_migrations" ORDER BY "schema_migrations"."version" ASC[0m
Processing by ReviewsController#update as */*
  Parameters: {"title"=>"this is the title", "content"=>"content", "author"=>"this is the author", "id"=>"3", "review"=>{"title"=>"this is the title", "content"=>"content", "author"=>"this is the author"}}
  [1m[36mReview Load (0.5ms)[0m  [1m[34mSELECT "reviews".* FROM "reviews" WHERE "reviews"."id" = $1 LIMIT $2[0m  [["id", 3], ["LIMIT", 1]]
  ↳ app/controllers/reviews_controller.rb:40:in `set_review'
  [1m[35m (0.1ms)[0m  [1m[35mBEGIN[0m
  ↳ app/controllers/reviews_controller.rb:25:in `update'
  [1m[36mProduct Load (0.5ms)[0m  [1m[34mSELECT "products".* FROM "products" WHERE "products"."id" = $1 LIMIT $2[0m  [["id", 1], ["LIMIT", 1]]
  ↳ app/controllers/reviews_controller.rb:25:in `update'
  [1m[36mReview Update (2.1ms)[0m  [1m[33mUPDATE "reviews" SET "content" = $1, "updated_at" = $2 WHERE "reviews"."id" = $3[0m  [["content", "content"], ["updated_at", "2020-11-13 00:15:39.395136"], ["id", 3]]
  ↳ app/controllers/reviews_controller.rb:25:in `update'
  [1m[35m (0.3ms)[0m  [1m[35mCOMMIT[0m
  ↳ app/controllers/reviews_controller.rb:25:in `update'
Completed 200 OK in 46ms (Views: 0.4ms | ActiveRecord: 15.2ms | Allocations: 13975)


Started PATCH "/reviews/3" for ::1 at 2020-11-12 17:15:53 -0700
Processing by ReviewsController#update as */*
  Parameters: {"title"=>"this is the title", "content"=>"content", "author"=>"this is author", "id"=>"3", "review"=>{"title"=>"this is the title", "content"=>"content", "author"=>"this is author"}}
  [1m[36mReview Load (0.3ms)[0m  [1m[34mSELECT "reviews".* FROM "reviews" WHERE "reviews"."id" = $1 LIMIT $2[0m  [["id", 3], ["LIMIT", 1]]
  ↳ app/controllers/reviews_controller.rb:40:in `set_review'
  [1m[35m (0.2ms)[0m  [1m[35mBEGIN[0m
  ↳ app/controllers/reviews_controller.rb:25:in `update'
  [1m[36mProduct Load (0.4ms)[0m  [1m[34mSELECT "products".* FROM "products" WHERE "products"."id" = $1 LIMIT $2[0m  [["id", 1], ["LIMIT", 1]]
  ↳ app/controllers/reviews_controller.rb:25:in `update'
  [1m[36mReview Update (0.4ms)[0m  [1m[33mUPDATE "reviews" SET "author" = $1, "updated_at" = $2 WHERE "reviews"."id" = $3[0m  [["author", "this is author"], ["updated_at", "2020-11-13 00:15:53.419794"], ["id", 3]]
  ↳ app/controllers/reviews_controller.rb:25:in `update'
  [1m[35m (0.3ms)[0m  [1m[35mCOMMIT[0m
  ↳ app/controllers/reviews_controller.rb:25:in `update'
Completed 200 OK in 7ms (Views: 0.3ms | ActiveRecord: 1.6ms | Allocations: 4438)


Started DELETE "/reviews/3" for ::1 at 2020-11-12 17:15:59 -0700
Processing by ReviewsController#destroy as */*
  Parameters: {"title"=>"this is the title", "content"=>"content", "author"=>"this is author", "id"=>"3", "review"=>{"title"=>"this is the title", "content"=>"content", "author"=>"this is author"}}
  [1m[36mReview Load (0.4ms)[0m  [1m[34mSELECT "reviews".* FROM "reviews" WHERE "reviews"."id" = $1 LIMIT $2[0m  [["id", 3], ["LIMIT", 1]]
  ↳ app/controllers/reviews_controller.rb:40:in `set_review'
  [1m[35m (0.1ms)[0m  [1m[35mBEGIN[0m
  ↳ app/controllers/reviews_controller.rb:34:in `destroy'
  [1m[36mReview Destroy (0.5ms)[0m  [1m[31mDELETE FROM "reviews" WHERE "reviews"."id" = $1[0m  [["id", 3]]
  ↳ app/controllers/reviews_controller.rb:34:in `destroy'
  [1m[35m (0.3ms)[0m  [1m[35mCOMMIT[0m
  ↳ app/controllers/reviews_controller.rb:34:in `destroy'
Completed 204 No Content in 5ms (ActiveRecord: 1.3ms | Allocations: 2458)


Started GET "/reviews/3" for ::1 at 2020-11-12 17:16:04 -0700
  
ActionController::RoutingError (No route matches [GET] "/reviews/3"):
  
actionpack (6.0.3.4) lib/action_dispatch/middleware/debug_exceptions.rb:36:in `call'
actionpack (6.0.3.4) lib/action_dispatch/middleware/show_exceptions.rb:33:in `call'
railties (6.0.3.4) lib/rails/rack/logger.rb:37:in `call_app'
railties (6.0.3.4) lib/rails/rack/logger.rb:26:in `block in call'
activesupport (6.0.3.4) lib/active_support/tagged_logging.rb:80:in `block in tagged'
activesupport (6.0.3.4) lib/active_support/tagged_logging.rb:28:in `tagged'
activesupport (6.0.3.4) lib/active_support/tagged_logging.rb:80:in `tagged'
railties (6.0.3.4) lib/rails/rack/logger.rb:26:in `call'
actionpack (6.0.3.4) lib/action_dispatch/middleware/remote_ip.rb:81:in `call'
actionpack (6.0.3.4) lib/action_dispatch/middleware/request_id.rb:27:in `call'
rack (2.2.3) lib/rack/runtime.rb:22:in `call'
activesupport (6.0.3.4) lib/active_support/cache/strategy/local_cache_middleware.rb:29:in `call'
actionpack (6.0.3.4) lib/action_dispatch/middleware/executor.rb:14:in `call'
actionpack (6.0.3.4) lib/action_dispatch/middleware/static.rb:126:in `call'
rack (2.2.3) lib/rack/sendfile.rb:110:in `call'
actionpack (6.0.3.4) lib/action_dispatch/middleware/host_authorization.rb:82:in `call'
railties (6.0.3.4) lib/rails/engine.rb:527:in `call'
puma (4.3.6) lib/puma/configuration.rb:228:in `call'
puma (4.3.6) lib/puma/server.rb:713:in `handle_request'
puma (4.3.6) lib/puma/server.rb:472:in `process_client'
puma (4.3.6) lib/puma/server.rb:328:in `block in run'
puma (4.3.6) lib/puma/thread_pool.rb:134:in `block in spawn_thread'
Started GET "/reviews/2" for ::1 at 2020-11-12 17:16:06 -0700
  
ActionController::RoutingError (No route matches [GET] "/reviews/2"):
  
actionpack (6.0.3.4) lib/action_dispatch/middleware/debug_exceptions.rb:36:in `call'
actionpack (6.0.3.4) lib/action_dispatch/middleware/show_exceptions.rb:33:in `call'
railties (6.0.3.4) lib/rails/rack/logger.rb:37:in `call_app'
railties (6.0.3.4) lib/rails/rack/logger.rb:26:in `block in call'
activesupport (6.0.3.4) lib/active_support/tagged_logging.rb:80:in `block in tagged'
activesupport (6.0.3.4) lib/active_support/tagged_logging.rb:28:in `tagged'
activesupport (6.0.3.4) lib/active_support/tagged_logging.rb:80:in `tagged'
railties (6.0.3.4) lib/rails/rack/logger.rb:26:in `call'
actionpack (6.0.3.4) lib/action_dispatch/middleware/remote_ip.rb:81:in `call'
actionpack (6.0.3.4) lib/action_dispatch/middleware/request_id.rb:27:in `call'
rack (2.2.3) lib/rack/runtime.rb:22:in `call'
activesupport (6.0.3.4) lib/active_support/cache/strategy/local_cache_middleware.rb:29:in `call'
actionpack (6.0.3.4) lib/action_dispatch/middleware/executor.rb:14:in `call'
actionpack (6.0.3.4) lib/action_dispatch/middleware/static.rb:126:in `call'
rack (2.2.3) lib/rack/sendfile.rb:110:in `call'
actionpack (6.0.3.4) lib/action_dispatch/middleware/host_authorization.rb:82:in `call'
railties (6.0.3.4) lib/rails/engine.rb:527:in `call'
puma (4.3.6) lib/puma/configuration.rb:228:in `call'
puma (4.3.6) lib/puma/server.rb:713:in `handle_request'
puma (4.3.6) lib/puma/server.rb:472:in `process_client'
puma (4.3.6) lib/puma/server.rb:328:in `block in run'
puma (4.3.6) lib/puma/thread_pool.rb:134:in `block in spawn_thread'
Started GET "/reviews/" for ::1 at 2020-11-12 17:16:09 -0700
  
ActionController::RoutingError (No route matches [GET] "/reviews"):
  
actionpack (6.0.3.4) lib/action_dispatch/middleware/debug_exceptions.rb:36:in `call'
actionpack (6.0.3.4) lib/action_dispatch/middleware/show_exceptions.rb:33:in `call'
railties (6.0.3.4) lib/rails/rack/logger.rb:37:in `call_app'
railties (6.0.3.4) lib/rails/rack/logger.rb:26:in `block in call'
activesupport (6.0.3.4) lib/active_support/tagged_logging.rb:80:in `block in tagged'
activesupport (6.0.3.4) lib/active_support/tagged_logging.rb:28:in `tagged'
activesupport (6.0.3.4) lib/active_support/tagged_logging.rb:80:in `tagged'
railties (6.0.3.4) lib/rails/rack/logger.rb:26:in `call'
actionpack (6.0.3.4) lib/action_dispatch/middleware/remote_ip.rb:81:in `call'
actionpack (6.0.3.4) lib/action_dispatch/middleware/request_id.rb:27:in `call'
rack (2.2.3) lib/rack/runtime.rb:22:in `call'
activesupport (6.0.3.4) lib/active_support/cache/strategy/local_cache_middleware.rb:29:in `call'
actionpack (6.0.3.4) lib/action_dispatch/middleware/executor.rb:14:in `call'
actionpack (6.0.3.4) lib/action_dispatch/middleware/static.rb:126:in `call'
rack (2.2.3) lib/rack/sendfile.rb:110:in `call'
actionpack (6.0.3.4) lib/action_dispatch/middleware/host_authorization.rb:82:in `call'
railties (6.0.3.4) lib/rails/engine.rb:527:in `call'
puma (4.3.6) lib/puma/configuration.rb:228:in `call'
puma (4.3.6) lib/puma/server.rb:713:in `handle_request'
puma (4.3.6) lib/puma/server.rb:472:in `process_client'
puma (4.3.6) lib/puma/server.rb:328:in `block in run'
puma (4.3.6) lib/puma/thread_pool.rb:134:in `block in spawn_thread'
Started GET "/products/" for ::1 at 2020-11-12 17:16:15 -0700
Processing by ProductsController#index as */*
  Parameters: {"title"=>"this is the title", "content"=>"content", "author"=>"this is author", "product"=>{}}
  [1m[36mProduct Load (0.4ms)[0m  [1m[34mSELECT "products".* FROM "products"[0m
  ↳ app/controllers/products_controller.rb:7:in `index'
Completed 200 OK in 4ms (Views: 3.1ms | ActiveRecord: 0.4ms | Allocations: 2217)


Started GET "/products/1/reviews" for ::1 at 2020-11-12 17:16:18 -0700
Processing by ReviewsController#index as */*
  Parameters: {"title"=>"this is the title", "content"=>"content", "author"=>"this is author", "product_id"=>"1", "review"=>{"title"=>"this is the title", "content"=>"content", "author"=>"this is author"}}
  [1m[36mReview Load (0.3ms)[0m  [1m[34mSELECT "reviews".* FROM "reviews" WHERE "reviews"."product_id" = $1[0m  [["product_id", 1]]
  ↳ app/controllers/reviews_controller.rb:8:in `index'
Completed 200 OK in 3ms (Views: 2.3ms | ActiveRecord: 0.3ms | Allocations: 1166)


Started GET "/products/" for ::1 at 2020-11-12 17:20:55 -0700
  [1m[35m (0.7ms)[0m  [1m[34mSELECT "schema_migrations"."version" FROM "schema_migrations" ORDER BY "schema_migrations"."version" ASC[0m
Processing by ProductsController#index as HTML
  [1m[36mProduct Load (0.8ms)[0m  [1m[34mSELECT "products".* FROM "products"[0m
  ↳ app/controllers/products_controller.rb:7:in `index'
Completed 200 OK in 20ms (Views: 8.6ms | ActiveRecord: 7.0ms | Allocations: 6824)


